# JRE version: OpenJDK Runtime Environment Temurin-17.0.10+7 (17.0.10+7) (build 17.0.10+7)
# Java VM: OpenJDK 64-Bit Server VM Temurin-17.0.10+7 (17.0.10+7, mixed mode, emulated-client, tiered, compressed oops, compressed class ptrs, g1 gc, windows-amd64)
GC Precious Log:
 CPUs: 8 total, 8 available
 Memory: 8033M
 Large Page Support: Disabled
 NUMA Support: Disabled
 Compressed Oops: Enabled (32-bit)
 Heap Region Size: 1M
 Heap Min Capacity: 8M
 Heap Initial Capacity: 126M
 Heap Max Capacity: 2010M
 Pre-touch: Disabled
 Parallel Workers: 8
 Concurrent Workers: 2
 Concurrent Refinement Workers: 8
 Periodic GC: Disabled
Heap:
 garbage-first heap   total 73728K, used 45107K [0x0000000082600000, 0x0000000100000000)
  region size 1024K, 13 young (13312K), 3 survivors (3072K)
 Metaspace       used 71991K, committed 72512K, reserved 1114112K
  class space    used 9964K, committed 10240K, reserved 1048576K
GC Heap History (20 events):
Event: 5.905 GC heap before
{Heap before GC invocations=10 (full 0):
 garbage-first heap   total 61440K, used 45168K [0x0000000082600000, 0x0000000100000000)
  region size 1024K, 28 young (28672K), 3 survivors (3072K)
 Metaspace       used 38598K, committed 38976K, reserved 1114112K
  class space    used 5084K, committed 5248K, reserved 1048576K
}
Event: 5.911 GC heap after
{Heap after GC invocations=11 (full 0):
 garbage-first heap   total 61440K, used 21563K [0x0000000082600000, 0x0000000100000000)
  region size 1024K, 3 young (3072K), 3 survivors (3072K)
 Metaspace       used 38598K, committed 38976K, reserved 1114112K
  class space    used 5084K, committed 5248K, reserved 1048576K
}
Event: 6.276 GC heap before
{Heap before GC invocations=11 (full 0):
 garbage-first heap   total 61440K, used 48187K [0x0000000082600000, 0x0000000100000000)
  region size 1024K, 27 young (27648K), 3 survivors (3072K)
 Metaspace       used 40904K, committed 41344K, reserved 1114112K
  class space    used 5393K, committed 5632K, reserved 1048576K
}
Event: 6.285 GC heap after
{Heap after GC invocations=12 (full 0):
 garbage-first heap   total 61440K, used 26573K [0x0000000082600000, 0x0000000100000000)
  region size 1024K, 4 young (4096K), 4 survivors (4096K)
 Metaspace       used 40904K, committed 41344K, reserved 1114112K
  class space    used 5393K, committed 5632K, reserved 1048576K
}
Event: 6.706 GC heap before
{Heap before GC invocations=12 (full 0):
 garbage-first heap   total 61440K, used 50125K [0x0000000082600000, 0x0000000100000000)
  region size 1024K, 23 young (23552K), 4 survivors (4096K)
 Metaspace       used 42862K, committed 43328K, reserved 1114112K
  class space    used 5614K, committed 5824K, reserved 1048576K
}
Event: 6.711 GC heap after
{Heap after GC invocations=13 (full 0):
 garbage-first heap   total 61440K, used 27133K [0x0000000082600000, 0x0000000100000000)
  region size 1024K, 2 young (2048K), 2 survivors (2048K)
 Metaspace       used 42862K, committed 43328K, reserved 1114112K
  class space    used 5614K, committed 5824K, reserved 1048576K
}
Event: 7.155 GC heap before
{Heap before GC invocations=13 (full 0):
 garbage-first heap   total 61440K, used 45565K [0x0000000082600000, 0x0000000100000000)
  region size 1024K, 21 young (21504K), 2 survivors (2048K)
 Metaspace       used 46259K, committed 46784K, reserved 1114112K
  class space    used 6088K, committed 6336K, reserved 1048576K
}
Event: 7.157 GC heap after
{Heap after GC invocations=14 (full 0):
 garbage-first heap   total 73728K, used 27651K [0x0000000082600000, 0x0000000100000000)
  region size 1024K, 3 young (3072K), 3 survivors (3072K)
 Metaspace       used 46259K, committed 46784K, reserved 1114112K
  class space    used 6088K, committed 6336K, reserved 1048576K
}
Event: 8.041 GC heap before
{Heap before GC invocations=14 (full 0):
 garbage-first heap   total 73728K, used 55299K [0x0000000082600000, 0x0000000100000000)
  region size 1024K, 30 young (30720K), 3 survivors (3072K)
 Metaspace       used 53154K, committed 53632K, reserved 1114112K
  class space    used 7101K, committed 7360K, reserved 1048576K
}
Event: 8.045 GC heap after
{Heap after GC invocations=15 (full 0):
 garbage-first heap   total 73728K, used 29361K [0x0000000082600000, 0x0000000100000000)
  region size 1024K, 3 young (3072K), 3 survivors (3072K)
 Metaspace       used 53154K, committed 53632K, reserved 1114112K
  class space    used 7101K, committed 7360K, reserved 1048576K
}
Event: 8.667 GC heap before
{Heap before GC invocations=15 (full 0):
 garbage-first heap   total 73728K, used 55985K [0x0000000082600000, 0x0000000100000000)
  region size 1024K, 30 young (30720K), 3 survivors (3072K)
 Metaspace       used 59313K, committed 59840K, reserved 1114112K
  class space    used 8025K, committed 8256K, reserved 1048576K
}
Event: 8.671 GC heap after
{Heap after GC invocations=16 (full 0):
 garbage-first heap   total 73728K, used 30741K [0x0000000082600000, 0x0000000100000000)
  region size 1024K, 3 young (3072K), 3 survivors (3072K)
 Metaspace       used 59313K, committed 59840K, reserved 1114112K
  class space    used 8025K, committed 8256K, reserved 1048576K
}
Event: 8.711 GC heap before
{Heap before GC invocations=16 (full 0):
 garbage-first heap   total 73728K, used 30741K [0x0000000082600000, 0x0000000100000000)
  region size 1024K, 4 young (4096K), 3 survivors (3072K)
 Metaspace       used 59807K, committed 60288K, reserved 1114112K
  class space    used 8051K, committed 8256K, reserved 1048576K
}
Event: 8.715 GC heap after
{Heap after GC invocations=17 (full 0):
 garbage-first heap   total 73728K, used 31141K [0x0000000082600000, 0x0000000100000000)
  region size 1024K, 2 young (2048K), 2 survivors (2048K)
 Metaspace       used 59807K, committed 60288K, reserved 1114112K
  class space    used 8051K, committed 8256K, reserved 1048576K
}
Event: 9.461 GC heap before
{Heap before GC invocations=18 (full 0):
 garbage-first heap   total 73728K, used 53669K [0x0000000082600000, 0x0000000100000000)
  region size 1024K, 24 young (24576K), 2 survivors (2048K)
 Metaspace       used 64744K, committed 65280K, reserved 1114112K
  class space    used 8990K, committed 9216K, reserved 1048576K
}
Event: 9.465 GC heap after
{Heap after GC invocations=19 (full 0):
 garbage-first heap   total 73728K, used 31659K [0x0000000082600000, 0x0000000100000000)
  region size 1024K, 3 young (3072K), 3 survivors (3072K)
 Metaspace       used 64744K, committed 65280K, reserved 1114112K
  class space    used 8990K, committed 9216K, reserved 1048576K
}
Event: 10.235 GC heap before
{Heap before GC invocations=20 (full 0):
 garbage-first heap   total 73728K, used 55211K [0x0000000082600000, 0x0000000100000000)
  region size 1024K, 26 young (26624K), 3 survivors (3072K)
 Metaspace       used 68197K, committed 68736K, reserved 1114112K
  class space    used 9442K, committed 9664K, reserved 1048576K
}
Event: 10.240 GC heap after
{Heap after GC invocations=21 (full 0):
 garbage-first heap   total 73728K, used 33909K [0x0000000082600000, 0x0000000100000000)
  region size 1024K, 4 young (4096K), 4 survivors (4096K)
 Metaspace       used 68197K, committed 68736K, reserved 1114112K
  class space    used 9442K, committed 9664K, reserved 1048576K
}
Event: 10.883 GC heap before
{Heap before GC invocations=21 (full 0):
 garbage-first heap   total 73728K, used 55413K [0x0000000082600000, 0x0000000100000000)
  region size 1024K, 25 young (25600K), 4 survivors (4096K)
 Metaspace       used 70487K, committed 70976K, reserved 1114112K
  class space    used 9756K, committed 9984K, reserved 1048576K
}
Event: 10.888 GC heap after
{Heap after GC invocations=22 (full 0):
 garbage-first heap   total 73728K, used 35891K [0x0000000082600000, 0x0000000100000000)
  region size 1024K, 3 young (3072K), 3 survivors (3072K)
 Metaspace       used 70487K, committed 70976K, reserved 1114112K
  class space    used 9756K, committed 9984K, reserved 1048576K
}

